{"/home/usuario/Documentos/Estudos/ignite-trilha-react-native/Chapter 2/gofinances/src/components/Form/Button/index.tsx": {"path":"/home/usuario/Documentos/Estudos/ignite-trilha-react-native/Chapter 2/gofinances/src/components/Form/Button/index.tsx","statementMap":{"0":{"start":{"line":15,"column":2},"end":{"line":19,"column":3}}},"fnMap":{"0":{"name":"Button","decl":{"start":{"line":14,"column":16},"end":{"line":14,"column":22}},"loc":{"start":{"line":14,"column":59},"end":{"line":20,"column":1}},"line":14}},"branchMap":{},"s":{"0":4},"f":{"0":4},"b":{},"_coverageSchema":"1a1c01bbd47fc00a2c39e90264f33305004495a9","hash":"8d3e342375871ece1903a44c1f629448ff2a91d5"}
,"/home/usuario/Documentos/Estudos/ignite-trilha-react-native/Chapter 2/gofinances/src/components/Form/CategorySelectButton/index.tsx": {"path":"/home/usuario/Documentos/Estudos/ignite-trilha-react-native/Chapter 2/gofinances/src/components/Form/CategorySelectButton/index.tsx","statementMap":{"0":{"start":{"line":12,"column":2},"end":{"line":17,"column":4}}},"fnMap":{"0":{"name":"CategorySelectButton","decl":{"start":{"line":11,"column":16},"end":{"line":11,"column":36}},"loc":{"start":{"line":11,"column":72},"end":{"line":18,"column":1}},"line":11}},"branchMap":{},"s":{"0":2},"f":{"0":2},"b":{},"_coverageSchema":"1a1c01bbd47fc00a2c39e90264f33305004495a9","hash":"f17bc25610da50179410f0f64e72b2ce571caf0c"}
,"/home/usuario/Documentos/Estudos/ignite-trilha-react-native/Chapter 2/gofinances/src/components/Form/Input/index.tsx": {"path":"/home/usuario/Documentos/Estudos/ignite-trilha-react-native/Chapter 2/gofinances/src/components/Form/Input/index.tsx","statementMap":{"0":{"start":{"line":13,"column":2},"end":{"line":15,"column":3}}},"fnMap":{"0":{"name":"Input","decl":{"start":{"line":12,"column":16},"end":{"line":12,"column":21}},"loc":{"start":{"line":12,"column":40},"end":{"line":16,"column":1}},"line":12}},"branchMap":{},"s":{"0":5},"f":{"0":5},"b":{},"_coverageSchema":"1a1c01bbd47fc00a2c39e90264f33305004495a9","hash":"e7b388f8b9dfe234691fe4a8d68dfadb1461427f"}
,"/home/usuario/Documentos/Estudos/ignite-trilha-react-native/Chapter 2/gofinances/src/components/Form/InputForm/index.tsx": {"path":"/home/usuario/Documentos/Estudos/ignite-trilha-react-native/Chapter 2/gofinances/src/components/Form/InputForm/index.tsx","statementMap":{"0":{"start":{"line":23,"column":2},"end":{"line":34,"column":3}},"1":{"start":{"line":28,"column":10},"end":{"line":28,"column":66}}},"fnMap":{"0":{"name":"InputForm","decl":{"start":{"line":17,"column":16},"end":{"line":17,"column":25}},"loc":{"start":{"line":22,"column":10},"end":{"line":35,"column":1}},"line":22},"1":{"name":"(anonymous_1)","decl":{"start":{"line":27,"column":16},"end":{"line":27,"column":17}},"loc":{"start":{"line":28,"column":10},"end":{"line":28,"column":66}},"line":28}},"branchMap":{"0":{"loc":{"start":{"line":32,"column":7},"end":{"line":32,"column":38}},"type":"binary-expr","locations":[{"start":{"line":32,"column":7},"end":{"line":32,"column":12}},{"start":{"line":32,"column":16},"end":{"line":32,"column":38}}],"line":32}},"s":{"0":4,"1":4},"f":{"0":4,"1":4},"b":{"0":[4,0]},"_coverageSchema":"1a1c01bbd47fc00a2c39e90264f33305004495a9","hash":"bb87bb908924c2fdd79373f24c528eab38bc6d37"}
,"/home/usuario/Documentos/Estudos/ignite-trilha-react-native/Chapter 2/gofinances/src/components/Form/TransactionTypeButton/index.tsx": {"path":"/home/usuario/Documentos/Estudos/ignite-trilha-react-native/Chapter 2/gofinances/src/components/Form/TransactionTypeButton/index.tsx","statementMap":{"0":{"start":{"line":11,"column":14},"end":{"line":14,"column":1}},"1":{"start":{"line":23,"column":2},"end":{"line":32,"column":3}}},"fnMap":{"0":{"name":"TransactionTypeButton","decl":{"start":{"line":22,"column":16},"end":{"line":22,"column":37}},"loc":{"start":{"line":22,"column":81},"end":{"line":33,"column":1}},"line":22}},"branchMap":{},"s":{"0":1,"1":4},"f":{"0":4},"b":{},"_coverageSchema":"1a1c01bbd47fc00a2c39e90264f33305004495a9","hash":"efadc90424659a026177d044f4f22322cf56dada"}
,"/home/usuario/Documentos/Estudos/ignite-trilha-react-native/Chapter 2/gofinances/src/components/HighlightCard/index.tsx": {"path":"/home/usuario/Documentos/Estudos/ignite-trilha-react-native/Chapter 2/gofinances/src/components/HighlightCard/index.tsx","statementMap":{"0":{"start":{"line":20,"column":13},"end":{"line":24,"column":1}},"1":{"start":{"line":32,"column":2},"end":{"line":47,"column":3}}},"fnMap":{"0":{"name":"HighlightCard","decl":{"start":{"line":26,"column":16},"end":{"line":26,"column":29}},"loc":{"start":{"line":31,"column":10},"end":{"line":48,"column":1}},"line":31}},"branchMap":{},"s":{"0":0,"1":0},"f":{"0":0},"b":{}}
,"/home/usuario/Documentos/Estudos/ignite-trilha-react-native/Chapter 2/gofinances/src/components/HistoryCard/index.tsx": {"path":"/home/usuario/Documentos/Estudos/ignite-trilha-react-native/Chapter 2/gofinances/src/components/HistoryCard/index.tsx","statementMap":{"0":{"start":{"line":21,"column":2},"end":{"line":26,"column":4}}},"fnMap":{"0":{"name":"HistoryCard","decl":{"start":{"line":15,"column":16},"end":{"line":15,"column":27}},"loc":{"start":{"line":19,"column":10},"end":{"line":27,"column":1}},"line":19}},"branchMap":{},"s":{"0":0},"f":{"0":0},"b":{}}
,"/home/usuario/Documentos/Estudos/ignite-trilha-react-native/Chapter 2/gofinances/src/components/SignInSocialButton/index.tsx": {"path":"/home/usuario/Documentos/Estudos/ignite-trilha-react-native/Chapter 2/gofinances/src/components/SignInSocialButton/index.tsx","statementMap":{"0":{"start":{"line":12,"column":51},"end":{"line":26,"column":1}},"1":{"start":{"line":17,"column":2},"end":{"line":25,"column":4}}},"fnMap":{"0":{"name":"(anonymous_0)","decl":{"start":{"line":12,"column":51},"end":{"line":12,"column":52}},"loc":{"start":{"line":16,"column":6},"end":{"line":26,"column":1}},"line":16}},"branchMap":{},"s":{"0":0,"1":0},"f":{"0":0},"b":{}}
,"/home/usuario/Documentos/Estudos/ignite-trilha-react-native/Chapter 2/gofinances/src/components/TrasactionCard/index.tsx": {"path":"/home/usuario/Documentos/Estudos/ignite-trilha-react-native/Chapter 2/gofinances/src/components/TrasactionCard/index.tsx","statementMap":{"0":{"start":{"line":29,"column":24},"end":{"line":31,"column":3}},"1":{"start":{"line":30,"column":12},"end":{"line":30,"column":38}},"2":{"start":{"line":33,"column":2},"end":{"line":54,"column":3}}},"fnMap":{"0":{"name":"TransactionCard","decl":{"start":{"line":27,"column":16},"end":{"line":27,"column":31}},"loc":{"start":{"line":27,"column":49},"end":{"line":55,"column":1}},"line":27},"1":{"name":"(anonymous_1)","decl":{"start":{"line":30,"column":4},"end":{"line":30,"column":5}},"loc":{"start":{"line":30,"column":12},"end":{"line":30,"column":38}},"line":30}},"branchMap":{"0":{"loc":{"start":{"line":38,"column":9},"end":{"line":38,"column":41}},"type":"binary-expr","locations":[{"start":{"line":38,"column":9},"end":{"line":38,"column":33}},{"start":{"line":38,"column":37},"end":{"line":38,"column":41}}],"line":38}},"s":{"0":0,"1":0,"2":0},"f":{"0":0,"1":0},"b":{"0":[0,0]}}
,"/home/usuario/Documentos/Estudos/ignite-trilha-react-native/Chapter 2/gofinances/src/hooks/auth.tsx": {"path":"/home/usuario/Documentos/Estudos/ignite-trilha-react-native/Chapter 2/gofinances/src/hooks/auth.tsx","statementMap":{"0":{"start":{"line":33,"column":20},"end":{"line":33,"column":57}},"1":{"start":{"line":36,"column":26},"end":{"line":36,"column":46}},"2":{"start":{"line":37,"column":54},"end":{"line":37,"column":68}},"3":{"start":{"line":38,"column":25},"end":{"line":38,"column":44}},"4":{"start":{"line":41,"column":4},"end":{"line":69,"column":5}},"5":{"start":{"line":42,"column":28},"end":{"line":42,"column":35}},"6":{"start":{"line":43,"column":20},"end":{"line":43,"column":46}},"7":{"start":{"line":45,"column":22},"end":{"line":45,"column":166}},"8":{"start":{"line":47,"column":31},"end":{"line":49,"column":34}},"9":{"start":{"line":51,"column":6},"end":{"line":66,"column":7}},"10":{"start":{"line":52,"column":25},"end":{"line":54,"column":9}},"11":{"start":{"line":56,"column":25},"end":{"line":56,"column":46}},"12":{"start":{"line":58,"column":8},"end":{"line":63,"column":11}},"13":{"start":{"line":65,"column":8},"end":{"line":65,"column":73}},"14":{"start":{"line":68,"column":6},"end":{"line":68,"column":27}},"15":{"start":{"line":75,"column":4},"end":{"line":75,"column":24}},"16":{"start":{"line":76,"column":4},"end":{"line":76,"column":50}},"17":{"start":{"line":79,"column":2},"end":{"line":93,"column":9}},"18":{"start":{"line":81,"column":26},"end":{"line":81,"column":68}},"19":{"start":{"line":83,"column":6},"end":{"line":87,"column":7}},"20":{"start":{"line":84,"column":27},"end":{"line":84,"column":58}},"21":{"start":{"line":86,"column":8},"end":{"line":86,"column":28}},"22":{"start":{"line":89,"column":6},"end":{"line":89,"column":35}},"23":{"start":{"line":92,"column":4},"end":{"line":92,"column":26}},"24":{"start":{"line":95,"column":2},"end":{"line":107,"column":4}},"25":{"start":{"line":111,"column":18},"end":{"line":111,"column":41}},"26":{"start":{"line":113,"column":2},"end":{"line":113,"column":17}}},"fnMap":{"0":{"name":"AuthProvider","decl":{"start":{"line":35,"column":9},"end":{"line":35,"column":21}},"loc":{"start":{"line":35,"column":55},"end":{"line":108,"column":1}},"line":35},"1":{"name":"signInWithGoogle","decl":{"start":{"line":40,"column":17},"end":{"line":40,"column":33}},"loc":{"start":{"line":40,"column":36},"end":{"line":70,"column":3}},"line":40},"2":{"name":"signInWithApple","decl":{"start":{"line":72,"column":17},"end":{"line":72,"column":32}},"loc":{"start":{"line":72,"column":35},"end":{"line":72,"column":37}},"line":72},"3":{"name":"signOut","decl":{"start":{"line":74,"column":17},"end":{"line":74,"column":24}},"loc":{"start":{"line":74,"column":27},"end":{"line":77,"column":3}},"line":74},"4":{"name":"(anonymous_4)","decl":{"start":{"line":79,"column":12},"end":{"line":79,"column":13}},"loc":{"start":{"line":79,"column":18},"end":{"line":93,"column":3}},"line":79},"5":{"name":"loadUserStorageData","decl":{"start":{"line":80,"column":19},"end":{"line":80,"column":38}},"loc":{"start":{"line":80,"column":41},"end":{"line":90,"column":5}},"line":80},"6":{"name":"useAuth","decl":{"start":{"line":110,"column":9},"end":{"line":110,"column":16}},"loc":{"start":{"line":110,"column":19},"end":{"line":114,"column":1}},"line":110}},"branchMap":{"0":{"loc":{"start":{"line":51,"column":6},"end":{"line":66,"column":7}},"type":"if","locations":[{"start":{"line":51,"column":6},"end":{"line":66,"column":7}},{"start":{},"end":{}}],"line":51},"1":{"loc":{"start":{"line":83,"column":6},"end":{"line":87,"column":7}},"type":"if","locations":[{"start":{"line":83,"column":6},"end":{"line":87,"column":7}},{"start":{},"end":{}}],"line":83}},"s":{"0":2,"1":9,"2":9,"3":9,"4":3,"5":3,"6":3,"7":3,"8":3,"9":2,"10":1,"11":1,"12":1,"13":1,"14":1,"15":0,"16":0,"17":9,"18":3,"19":3,"20":2,"21":2,"22":3,"23":3,"24":9,"25":11,"26":11},"f":{"0":9,"1":3,"2":0,"3":0,"4":3,"5":3,"6":11},"b":{"0":[1,1],"1":[2,1]},"_coverageSchema":"1a1c01bbd47fc00a2c39e90264f33305004495a9","hash":"f8c5fa1e0c1d111e603574c7de1cc7428da8b74b"}
,"/home/usuario/Documentos/Estudos/ignite-trilha-react-native/Chapter 2/gofinances/src/routes/app.routes.tsx": {"path":"/home/usuario/Documentos/Estudos/ignite-trilha-react-native/Chapter 2/gofinances/src/routes/app.routes.tsx","statementMap":{"0":{"start":{"line":10,"column":30},"end":{"line":10,"column":56}},"1":{"start":{"line":12,"column":35},"end":{"line":60,"column":1}},"2":{"start":{"line":13,"column":16},"end":{"line":13,"column":26}},"3":{"start":{"line":15,"column":2},"end":{"line":59,"column":4}},"4":{"start":{"line":32,"column":12},"end":{"line":36,"column":14}},"5":{"start":{"line":45,"column":12},"end":{"line":45,"column":75}},"6":{"start":{"line":54,"column":12},"end":{"line":54,"column":72}}},"fnMap":{"0":{"name":"(anonymous_0)","decl":{"start":{"line":12,"column":35},"end":{"line":12,"column":36}},"loc":{"start":{"line":12,"column":41},"end":{"line":60,"column":1}},"line":12},"1":{"name":"(anonymous_1)","decl":{"start":{"line":31,"column":22},"end":{"line":31,"column":23}},"loc":{"start":{"line":32,"column":12},"end":{"line":36,"column":14}},"line":32},"2":{"name":"(anonymous_2)","decl":{"start":{"line":44,"column":22},"end":{"line":44,"column":23}},"loc":{"start":{"line":45,"column":12},"end":{"line":45,"column":75}},"line":45},"3":{"name":"(anonymous_3)","decl":{"start":{"line":53,"column":22},"end":{"line":53,"column":23}},"loc":{"start":{"line":54,"column":12},"end":{"line":54,"column":72}},"line":54}},"branchMap":{"0":{"loc":{"start":{"line":22,"column":27},"end":{"line":22,"column":57}},"type":"cond-expr","locations":[{"start":{"line":22,"column":51},"end":{"line":22,"column":53}},{"start":{"line":22,"column":56},"end":{"line":22,"column":57}}],"line":22}},"s":{"0":0,"1":0,"2":0,"3":0,"4":0,"5":0,"6":0},"f":{"0":0,"1":0,"2":0,"3":0},"b":{"0":[0,0]}}
,"/home/usuario/Documentos/Estudos/ignite-trilha-react-native/Chapter 2/gofinances/src/routes/auth.routes.tsx": {"path":"/home/usuario/Documentos/Estudos/ignite-trilha-react-native/Chapter 2/gofinances/src/routes/auth.routes.tsx","statementMap":{"0":{"start":{"line":6,"column":30},"end":{"line":6,"column":52}},"1":{"start":{"line":8,"column":36},"end":{"line":18,"column":1}},"2":{"start":{"line":9,"column":2},"end":{"line":17,"column":4}}},"fnMap":{"0":{"name":"(anonymous_0)","decl":{"start":{"line":8,"column":36},"end":{"line":8,"column":37}},"loc":{"start":{"line":8,"column":42},"end":{"line":18,"column":1}},"line":8}},"branchMap":{},"s":{"0":0,"1":0,"2":0},"f":{"0":0},"b":{}}
,"/home/usuario/Documentos/Estudos/ignite-trilha-react-native/Chapter 2/gofinances/src/routes/index.tsx": {"path":"/home/usuario/Documentos/Estudos/ignite-trilha-react-native/Chapter 2/gofinances/src/routes/index.tsx","statementMap":{"0":{"start":{"line":7,"column":32},"end":{"line":15,"column":1}},"1":{"start":{"line":8,"column":19},"end":{"line":8,"column":28}},"2":{"start":{"line":10,"column":2},"end":{"line":14,"column":4}}},"fnMap":{"0":{"name":"(anonymous_0)","decl":{"start":{"line":7,"column":32},"end":{"line":7,"column":33}},"loc":{"start":{"line":7,"column":38},"end":{"line":15,"column":1}},"line":7}},"branchMap":{"0":{"loc":{"start":{"line":12,"column":7},"end":{"line":12,"column":47}},"type":"cond-expr","locations":[{"start":{"line":12,"column":17},"end":{"line":12,"column":30}},{"start":{"line":12,"column":33},"end":{"line":12,"column":47}}],"line":12}},"s":{"0":0,"1":0,"2":0},"f":{"0":0},"b":{"0":[0,0]}}
,"/home/usuario/Documentos/Estudos/ignite-trilha-react-native/Chapter 2/gofinances/src/screens/CategorySelect/index.tsx": {"path":"/home/usuario/Documentos/Estudos/ignite-trilha-react-native/Chapter 2/gofinances/src/screens/CategorySelect/index.tsx","statementMap":{"0":{"start":{"line":33,"column":2},"end":{"line":62,"column":3}},"1":{"start":{"line":42,"column":32},"end":{"line":42,"column":40}},"2":{"start":{"line":44,"column":10},"end":{"line":50,"column":21}},"3":{"start":{"line":45,"column":27},"end":{"line":45,"column":44}},"4":{"start":{"line":52,"column":38},"end":{"line":52,"column":51}}},"fnMap":{"0":{"name":"CategorySelect","decl":{"start":{"line":28,"column":16},"end":{"line":28,"column":30}},"loc":{"start":{"line":32,"column":10},"end":{"line":63,"column":1}},"line":32},"1":{"name":"(anonymous_1)","decl":{"start":{"line":42,"column":22},"end":{"line":42,"column":23}},"loc":{"start":{"line":42,"column":32},"end":{"line":42,"column":40}},"line":42},"2":{"name":"(anonymous_2)","decl":{"start":{"line":43,"column":20},"end":{"line":43,"column":21}},"loc":{"start":{"line":44,"column":10},"end":{"line":50,"column":21}},"line":44},"3":{"name":"(anonymous_3)","decl":{"start":{"line":45,"column":21},"end":{"line":45,"column":22}},"loc":{"start":{"line":45,"column":27},"end":{"line":45,"column":44}},"line":45},"4":{"name":"(anonymous_4)","decl":{"start":{"line":52,"column":32},"end":{"line":52,"column":33}},"loc":{"start":{"line":52,"column":38},"end":{"line":52,"column":51}},"line":52}},"branchMap":{},"s":{"0":2,"1":12,"2":12,"3":0,"4":10},"f":{"0":2,"1":12,"2":12,"3":0,"4":10},"b":{},"_coverageSchema":"1a1c01bbd47fc00a2c39e90264f33305004495a9","hash":"9e981c3b9e507131ff6be61e29024099e40cb82b"}
,"/home/usuario/Documentos/Estudos/ignite-trilha-react-native/Chapter 2/gofinances/src/screens/Dashboard/index.tsx": {"path":"/home/usuario/Documentos/Estudos/ignite-trilha-react-native/Chapter 2/gofinances/src/screens/Dashboard/index.tsx","statementMap":{"0":{"start":{"line":49,"column":36},"end":{"line":49,"column":50}},"1":{"start":{"line":50,"column":42},"end":{"line":50,"column":71}},"2":{"start":{"line":51,"column":44},"end":{"line":53,"column":3}},"3":{"start":{"line":54,"column":16},"end":{"line":54,"column":26}},"4":{"start":{"line":55,"column":28},"end":{"line":55,"column":37}},"5":{"start":{"line":61,"column":31},"end":{"line":63,"column":5}},"6":{"start":{"line":62,"column":23},"end":{"line":62,"column":48}},"7":{"start":{"line":65,"column":4},"end":{"line":67,"column":5}},"8":{"start":{"line":66,"column":6},"end":{"line":66,"column":15}},"9":{"start":{"line":69,"column":28},"end":{"line":76,"column":5}},"10":{"start":{"line":73,"column":10},"end":{"line":73,"column":46}},"11":{"start":{"line":78,"column":4},"end":{"line":83,"column":8}},"12":{"start":{"line":87,"column":20},"end":{"line":87,"column":62}},"13":{"start":{"line":89,"column":21},"end":{"line":89,"column":56}},"14":{"start":{"line":91,"column":25},"end":{"line":91,"column":61}},"15":{"start":{"line":93,"column":23},"end":{"line":93,"column":24}},"16":{"start":{"line":94,"column":25},"end":{"line":94,"column":26}},"17":{"start":{"line":96,"column":51},"end":{"line":124,"column":5}},"18":{"start":{"line":98,"column":8},"end":{"line":102,"column":9}},"19":{"start":{"line":99,"column":10},"end":{"line":99,"column":46}},"20":{"start":{"line":101,"column":10},"end":{"line":101,"column":48}},"21":{"start":{"line":104,"column":23},"end":{"line":107,"column":10}},"22":{"start":{"line":109,"column":21},"end":{"line":113,"column":38}},"23":{"start":{"line":115,"column":8},"end":{"line":122,"column":10}},"24":{"start":{"line":126,"column":4},"end":{"line":126,"column":43}},"25":{"start":{"line":128,"column":35},"end":{"line":131,"column":5}},"26":{"start":{"line":132,"column":38},"end":{"line":135,"column":5}},"27":{"start":{"line":136,"column":26},"end":{"line":136,"column":61}},"28":{"start":{"line":138,"column":18},"end":{"line":138,"column":47}},"29":{"start":{"line":140,"column":4},"end":{"line":168,"column":7}},"30":{"start":{"line":170,"column":4},"end":{"line":170,"column":24}},"31":{"start":{"line":173,"column":2},"end":{"line":175,"column":9}},"32":{"start":{"line":174,"column":4},"end":{"line":174,"column":23}},"33":{"start":{"line":177,"column":2},"end":{"line":181,"column":4}},"34":{"start":{"line":179,"column":6},"end":{"line":179,"column":25}},"35":{"start":{"line":183,"column":2},"end":{"line":244,"column":4}},"36":{"start":{"line":237,"column":38},"end":{"line":237,"column":45}},"37":{"start":{"line":238,"column":40},"end":{"line":238,"column":71}}},"fnMap":{"0":{"name":"Dashboard","decl":{"start":{"line":48,"column":16},"end":{"line":48,"column":25}},"loc":{"start":{"line":48,"column":28},"end":{"line":245,"column":1}},"line":48},"1":{"name":"getLastTransactionDate","decl":{"start":{"line":57,"column":11},"end":{"line":57,"column":33}},"loc":{"start":{"line":60,"column":4},"end":{"line":84,"column":3}},"line":60},"2":{"name":"(anonymous_2)","decl":{"start":{"line":62,"column":6},"end":{"line":62,"column":7}},"loc":{"start":{"line":62,"column":23},"end":{"line":62,"column":48}},"line":62},"3":{"name":"(anonymous_3)","decl":{"start":{"line":72,"column":31},"end":{"line":72,"column":32}},"loc":{"start":{"line":73,"column":10},"end":{"line":73,"column":46}},"line":73},"4":{"name":"loadTransactions","decl":{"start":{"line":86,"column":17},"end":{"line":86,"column":33}},"loc":{"start":{"line":86,"column":36},"end":{"line":171,"column":3}},"line":86},"5":{"name":"(anonymous_5)","decl":{"start":{"line":97,"column":6},"end":{"line":97,"column":7}},"loc":{"start":{"line":97,"column":31},"end":{"line":123,"column":7}},"line":97},"6":{"name":"(anonymous_6)","decl":{"start":{"line":173,"column":12},"end":{"line":173,"column":13}},"loc":{"start":{"line":173,"column":18},"end":{"line":175,"column":3}},"line":173},"7":{"name":"(anonymous_7)","decl":{"start":{"line":178,"column":16},"end":{"line":178,"column":17}},"loc":{"start":{"line":178,"column":22},"end":{"line":180,"column":5}},"line":178},"8":{"name":"(anonymous_8)","decl":{"start":{"line":237,"column":28},"end":{"line":237,"column":29}},"loc":{"start":{"line":237,"column":38},"end":{"line":237,"column":45}},"line":237},"9":{"name":"(anonymous_9)","decl":{"start":{"line":238,"column":26},"end":{"line":238,"column":27}},"loc":{"start":{"line":238,"column":40},"end":{"line":238,"column":71}},"line":238}},"branchMap":{"0":{"loc":{"start":{"line":65,"column":4},"end":{"line":67,"column":5}},"type":"if","locations":[{"start":{"line":65,"column":4},"end":{"line":67,"column":5}},{"start":{},"end":{}}],"line":65},"1":{"loc":{"start":{"line":91,"column":25},"end":{"line":91,"column":61}},"type":"cond-expr","locations":[{"start":{"line":91,"column":36},"end":{"line":91,"column":56}},{"start":{"line":91,"column":59},"end":{"line":91,"column":61}}],"line":91},"2":{"loc":{"start":{"line":98,"column":8},"end":{"line":102,"column":9}},"type":"if","locations":[{"start":{"line":98,"column":8},"end":{"line":102,"column":9}},{"start":{"line":100,"column":15},"end":{"line":102,"column":9}}],"line":98},"3":{"loc":{"start":{"line":147,"column":10},"end":{"line":149,"column":60}},"type":"cond-expr","locations":[{"start":{"line":148,"column":14},"end":{"line":148,"column":33}},{"start":{"line":149,"column":14},"end":{"line":149,"column":60}}],"line":147},"4":{"loc":{"start":{"line":157,"column":10},"end":{"line":159,"column":61}},"type":"cond-expr","locations":[{"start":{"line":158,"column":14},"end":{"line":158,"column":33}},{"start":{"line":159,"column":14},"end":{"line":159,"column":61}}],"line":157},"5":{"loc":{"start":{"line":185,"column":7},"end":{"line":242,"column":7}},"type":"cond-expr","locations":[{"start":{"line":186,"column":8},"end":{"line":188,"column":24}},{"start":{"line":190,"column":8},"end":{"line":241,"column":11}}],"line":185}},"s":{"0":0,"1":0,"2":0,"3":0,"4":0,"5":0,"6":0,"7":0,"8":0,"9":0,"10":0,"11":0,"12":0,"13":0,"14":0,"15":0,"16":0,"17":0,"18":0,"19":0,"20":0,"21":0,"22":0,"23":0,"24":0,"25":0,"26":0,"27":0,"28":0,"29":0,"30":0,"31":0,"32":0,"33":0,"34":0,"35":0,"36":0,"37":0},"f":{"0":0,"1":0,"2":0,"3":0,"4":0,"5":0,"6":0,"7":0,"8":0,"9":0},"b":{"0":[0,0],"1":[0,0],"2":[0,0],"3":[0,0],"4":[0,0],"5":[0,0]}}
,"/home/usuario/Documentos/Estudos/ignite-trilha-react-native/Chapter 2/gofinances/src/screens/Register/index.tsx": {"path":"/home/usuario/Documentos/Estudos/ignite-trilha-react-native/Chapter 2/gofinances/src/screens/Register/index.tsx","statementMap":{"0":{"start":{"line":31,"column":15},"end":{"line":37,"column":2}},"1":{"start":{"line":40,"column":34},"end":{"line":43,"column":4}},"2":{"start":{"line":45,"column":21},"end":{"line":45,"column":36}},"3":{"start":{"line":46,"column":19},"end":{"line":46,"column":28}},"4":{"start":{"line":48,"column":48},"end":{"line":48,"column":60}},"5":{"start":{"line":49,"column":52},"end":{"line":49,"column":67}},"6":{"start":{"line":56,"column":6},"end":{"line":58,"column":4}},"7":{"start":{"line":61,"column":4},"end":{"line":61,"column":29}},"8":{"start":{"line":65,"column":4},"end":{"line":65,"column":31}},"9":{"start":{"line":69,"column":4},"end":{"line":69,"column":32}},"10":{"start":{"line":73,"column":4},"end":{"line":73,"column":78}},"11":{"start":{"line":73,"column":26},"end":{"line":73,"column":78}},"12":{"start":{"line":75,"column":4},"end":{"line":76,"column":50}},"13":{"start":{"line":76,"column":6},"end":{"line":76,"column":50}},"14":{"start":{"line":78,"column":27},"end":{"line":85,"column":5}},"15":{"start":{"line":87,"column":4},"end":{"line":109,"column":5}},"16":{"start":{"line":88,"column":22},"end":{"line":88,"column":64}},"17":{"start":{"line":90,"column":19},"end":{"line":90,"column":54}},"18":{"start":{"line":92,"column":26},"end":{"line":92,"column":54}},"19":{"start":{"line":94,"column":28},"end":{"line":94,"column":60}},"20":{"start":{"line":96,"column":6},"end":{"line":96,"column":73}},"21":{"start":{"line":98,"column":6},"end":{"line":98,"column":14}},"22":{"start":{"line":99,"column":6},"end":{"line":99,"column":29}},"23":{"start":{"line":100,"column":6},"end":{"line":103,"column":9}},"24":{"start":{"line":105,"column":6},"end":{"line":105,"column":38}},"25":{"start":{"line":107,"column":6},"end":{"line":107,"column":25}},"26":{"start":{"line":108,"column":6},"end":{"line":108,"column":45}},"27":{"start":{"line":112,"column":2},"end":{"line":171,"column":4}},"28":{"start":{"line":142,"column":31},"end":{"line":142,"column":70}},"29":{"start":{"line":148,"column":31},"end":{"line":148,"column":70}}},"fnMap":{"0":{"name":"Register","decl":{"start":{"line":39,"column":16},"end":{"line":39,"column":24}},"loc":{"start":{"line":39,"column":27},"end":{"line":172,"column":1}},"line":39},"1":{"name":"handleTrasactionsTypeSelect","decl":{"start":{"line":60,"column":11},"end":{"line":60,"column":38}},"loc":{"start":{"line":60,"column":70},"end":{"line":62,"column":3}},"line":60},"2":{"name":"handleOpenSelectCategoryModal","decl":{"start":{"line":64,"column":11},"end":{"line":64,"column":40}},"loc":{"start":{"line":64,"column":43},"end":{"line":66,"column":3}},"line":64},"3":{"name":"handleCloseSelectCategoryModal","decl":{"start":{"line":68,"column":11},"end":{"line":68,"column":41}},"loc":{"start":{"line":68,"column":44},"end":{"line":70,"column":3}},"line":68},"4":{"name":"handleRegister","decl":{"start":{"line":72,"column":17},"end":{"line":72,"column":31}},"loc":{"start":{"line":72,"column":48},"end":{"line":110,"column":3}},"line":72},"5":{"name":"(anonymous_5)","decl":{"start":{"line":142,"column":25},"end":{"line":142,"column":26}},"loc":{"start":{"line":142,"column":31},"end":{"line":142,"column":70}},"line":142},"6":{"name":"(anonymous_6)","decl":{"start":{"line":148,"column":25},"end":{"line":148,"column":26}},"loc":{"start":{"line":148,"column":31},"end":{"line":148,"column":70}},"line":148}},"branchMap":{"0":{"loc":{"start":{"line":73,"column":4},"end":{"line":73,"column":78}},"type":"if","locations":[{"start":{"line":73,"column":4},"end":{"line":73,"column":78}},{"start":{},"end":{}}],"line":73},"1":{"loc":{"start":{"line":75,"column":4},"end":{"line":76,"column":50}},"type":"if","locations":[{"start":{"line":75,"column":4},"end":{"line":76,"column":50}},{"start":{},"end":{}}],"line":75},"2":{"loc":{"start":{"line":92,"column":26},"end":{"line":92,"column":54}},"type":"cond-expr","locations":[{"start":{"line":92,"column":33},"end":{"line":92,"column":49}},{"start":{"line":92,"column":52},"end":{"line":92,"column":54}}],"line":92},"3":{"loc":{"start":{"line":127,"column":21},"end":{"line":127,"column":55}},"type":"binary-expr","locations":[{"start":{"line":127,"column":21},"end":{"line":127,"column":32}},{"start":{"line":127,"column":36},"end":{"line":127,"column":55}}],"line":127},"4":{"loc":{"start":{"line":135,"column":21},"end":{"line":135,"column":59}},"type":"binary-expr","locations":[{"start":{"line":135,"column":21},"end":{"line":135,"column":34}},{"start":{"line":135,"column":38},"end":{"line":135,"column":59}}],"line":135}},"s":{"0":1,"1":2,"2":2,"3":2,"4":2,"5":2,"6":2,"7":0,"8":1,"9":0,"10":0,"11":0,"12":0,"13":0,"14":0,"15":0,"16":0,"17":0,"18":0,"19":0,"20":0,"21":0,"22":0,"23":0,"24":0,"25":0,"26":0,"27":2,"28":0,"29":0},"f":{"0":2,"1":0,"2":1,"3":0,"4":0,"5":0,"6":0},"b":{"0":[0,0],"1":[0,0],"2":[0,0],"3":[2,0],"4":[2,0]},"_coverageSchema":"1a1c01bbd47fc00a2c39e90264f33305004495a9","hash":"da3420b31b1f9c6ee4fff807ce1b3fc0dba9f726"}
,"/home/usuario/Documentos/Estudos/ignite-trilha-react-native/Chapter 2/gofinances/src/screens/Resume/ index.tsx": {"path":"/home/usuario/Documentos/Estudos/ignite-trilha-react-native/Chapter 2/gofinances/src/screens/Resume/ index.tsx","statementMap":{"0":{"start":{"line":32,"column":52},"end":{"line":34,"column":3}},"1":{"start":{"line":35,"column":16},"end":{"line":35,"column":26}},"2":{"start":{"line":36,"column":19},"end":{"line":36,"column":28}},"3":{"start":{"line":39,"column":20},"end":{"line":39,"column":62}},"4":{"start":{"line":41,"column":21},"end":{"line":41,"column":56}},"5":{"start":{"line":43,"column":30},"end":{"line":43,"column":66}},"6":{"start":{"line":45,"column":23},"end":{"line":47,"column":5}},"7":{"start":{"line":46,"column":38},"end":{"line":46,"column":67}},"8":{"start":{"line":49,"column":27},"end":{"line":54,"column":5}},"9":{"start":{"line":51,"column":8},"end":{"line":51,"column":54}},"10":{"start":{"line":56,"column":44},"end":{"line":56,"column":46}},"11":{"start":{"line":58,"column":4},"end":{"line":84,"column":7}},"12":{"start":{"line":59,"column":24},"end":{"line":59,"column":25}},"13":{"start":{"line":61,"column":6},"end":{"line":65,"column":9}},"14":{"start":{"line":62,"column":8},"end":{"line":64,"column":9}},"15":{"start":{"line":63,"column":10},"end":{"line":63,"column":50}},"16":{"start":{"line":67,"column":6},"end":{"line":83,"column":7}},"17":{"start":{"line":68,"column":31},"end":{"line":71,"column":10}},"18":{"start":{"line":73,"column":24},"end":{"line":73,"column":79}},"19":{"start":{"line":75,"column":8},"end":{"line":82,"column":11}},"20":{"start":{"line":86,"column":4},"end":{"line":86,"column":42}},"21":{"start":{"line":89,"column":2},"end":{"line":91,"column":9}},"22":{"start":{"line":90,"column":4},"end":{"line":90,"column":15}},"23":{"start":{"line":93,"column":2},"end":{"line":97,"column":4}},"24":{"start":{"line":95,"column":6},"end":{"line":95,"column":17}},"25":{"start":{"line":99,"column":2},"end":{"line":132,"column":4}},"26":{"start":{"line":117,"column":60},"end":{"line":117,"column":74}},"27":{"start":{"line":123,"column":10},"end":{"line":128,"column":12}}},"fnMap":{"0":{"name":"Resume","decl":{"start":{"line":31,"column":16},"end":{"line":31,"column":22}},"loc":{"start":{"line":31,"column":25},"end":{"line":133,"column":1}},"line":31},"1":{"name":"loadData","decl":{"start":{"line":38,"column":17},"end":{"line":38,"column":25}},"loc":{"start":{"line":38,"column":28},"end":{"line":87,"column":3}},"line":38},"2":{"name":"(anonymous_2)","decl":{"start":{"line":46,"column":6},"end":{"line":46,"column":7}},"loc":{"start":{"line":46,"column":38},"end":{"line":46,"column":67}},"line":46},"3":{"name":"(anonymous_3)","decl":{"start":{"line":50,"column":6},"end":{"line":50,"column":7}},"loc":{"start":{"line":50,"column":59},"end":{"line":52,"column":7}},"line":50},"4":{"name":"(anonymous_4)","decl":{"start":{"line":58,"column":23},"end":{"line":58,"column":24}},"loc":{"start":{"line":58,"column":37},"end":{"line":84,"column":5}},"line":58},"5":{"name":"(anonymous_5)","decl":{"start":{"line":61,"column":25},"end":{"line":61,"column":26}},"loc":{"start":{"line":61,"column":57},"end":{"line":65,"column":7}},"line":61},"6":{"name":"(anonymous_6)","decl":{"start":{"line":89,"column":12},"end":{"line":89,"column":13}},"loc":{"start":{"line":89,"column":18},"end":{"line":91,"column":3}},"line":89},"7":{"name":"(anonymous_7)","decl":{"start":{"line":94,"column":16},"end":{"line":94,"column":17}},"loc":{"start":{"line":94,"column":22},"end":{"line":96,"column":5}},"line":94},"8":{"name":"(anonymous_8)","decl":{"start":{"line":117,"column":46},"end":{"line":117,"column":47}},"loc":{"start":{"line":117,"column":60},"end":{"line":117,"column":74}},"line":117},"9":{"name":"(anonymous_9)","decl":{"start":{"line":122,"column":31},"end":{"line":122,"column":32}},"loc":{"start":{"line":123,"column":10},"end":{"line":128,"column":12}},"line":123}},"branchMap":{"0":{"loc":{"start":{"line":43,"column":30},"end":{"line":43,"column":66}},"type":"cond-expr","locations":[{"start":{"line":43,"column":41},"end":{"line":43,"column":61}},{"start":{"line":43,"column":64},"end":{"line":43,"column":66}}],"line":43},"1":{"loc":{"start":{"line":62,"column":8},"end":{"line":64,"column":9}},"type":"if","locations":[{"start":{"line":62,"column":8},"end":{"line":64,"column":9}},{"start":{},"end":{}}],"line":62},"2":{"loc":{"start":{"line":67,"column":6},"end":{"line":83,"column":7}},"type":"if","locations":[{"start":{"line":67,"column":6},"end":{"line":83,"column":7}},{"start":{},"end":{}}],"line":67}},"s":{"0":0,"1":0,"2":0,"3":0,"4":0,"5":0,"6":0,"7":0,"8":0,"9":0,"10":0,"11":0,"12":0,"13":0,"14":0,"15":0,"16":0,"17":0,"18":0,"19":0,"20":0,"21":0,"22":0,"23":0,"24":0,"25":0,"26":0,"27":0},"f":{"0":0,"1":0,"2":0,"3":0,"4":0,"5":0,"6":0,"7":0,"8":0,"9":0},"b":{"0":[0,0],"1":[0,0],"2":[0,0]}}
,"/home/usuario/Documentos/Estudos/ignite-trilha-react-native/Chapter 2/gofinances/src/screens/SignIn/index.tsx": {"path":"/home/usuario/Documentos/Estudos/ignite-trilha-react-native/Chapter 2/gofinances/src/screens/SignIn/index.tsx","statementMap":{"0":{"start":{"line":22,"column":25},"end":{"line":89,"column":1}},"1":{"start":{"line":23,"column":31},"end":{"line":23,"column":46}},"2":{"start":{"line":24,"column":48},"end":{"line":24,"column":57}},"3":{"start":{"line":25,"column":16},"end":{"line":25,"column":26}},"4":{"start":{"line":28,"column":4},"end":{"line":35,"column":5}},"5":{"start":{"line":29,"column":6},"end":{"line":29,"column":22}},"6":{"start":{"line":30,"column":6},"end":{"line":30,"column":38}},"7":{"start":{"line":32,"column":6},"end":{"line":32,"column":23}},"8":{"start":{"line":33,"column":6},"end":{"line":33,"column":69}},"9":{"start":{"line":34,"column":6},"end":{"line":34,"column":23}},"10":{"start":{"line":39,"column":4},"end":{"line":46,"column":5}},"11":{"start":{"line":40,"column":6},"end":{"line":40,"column":22}},"12":{"start":{"line":41,"column":6},"end":{"line":41,"column":37}},"13":{"start":{"line":43,"column":6},"end":{"line":43,"column":23}},"14":{"start":{"line":44,"column":6},"end":{"line":44,"column":68}},"15":{"start":{"line":45,"column":6},"end":{"line":45,"column":23}},"16":{"start":{"line":49,"column":2},"end":{"line":88,"column":4}}},"fnMap":{"0":{"name":"(anonymous_0)","decl":{"start":{"line":22,"column":25},"end":{"line":22,"column":26}},"loc":{"start":{"line":22,"column":31},"end":{"line":89,"column":1}},"line":22},"1":{"name":"handleSignWithGoogle","decl":{"start":{"line":27,"column":17},"end":{"line":27,"column":37}},"loc":{"start":{"line":27,"column":40},"end":{"line":36,"column":3}},"line":27},"2":{"name":"handleSignWithApple","decl":{"start":{"line":38,"column":17},"end":{"line":38,"column":36}},"loc":{"start":{"line":38,"column":39},"end":{"line":47,"column":3}},"line":38}},"branchMap":{"0":{"loc":{"start":{"line":71,"column":11},"end":{"line":77,"column":11}},"type":"binary-expr","locations":[{"start":{"line":71,"column":11},"end":{"line":71,"column":32}},{"start":{"line":72,"column":12},"end":{"line":76,"column":14}}],"line":71},"1":{"loc":{"start":{"line":80,"column":9},"end":{"line":85,"column":9}},"type":"binary-expr","locations":[{"start":{"line":80,"column":9},"end":{"line":80,"column":16}},{"start":{"line":81,"column":10},"end":{"line":84,"column":12}}],"line":80}},"s":{"0":0,"1":0,"2":0,"3":0,"4":0,"5":0,"6":0,"7":0,"8":0,"9":0,"10":0,"11":0,"12":0,"13":0,"14":0,"15":0,"16":0},"f":{"0":0,"1":0,"2":0},"b":{"0":[0,0],"1":[0,0]}}
}
