TN:
SF:src/components/Form/Button/index.tsx
FN:14,Button
FNF:1
FNH:1
FNDA:4,Button
DA:15,4
LF:1
LH:1
BRF:0
BRH:0
end_of_record
TN:
SF:src/components/Form/CategorySelectButton/index.tsx
FN:11,CategorySelectButton
FNF:1
FNH:1
FNDA:2,CategorySelectButton
DA:12,2
LF:1
LH:1
BRF:0
BRH:0
end_of_record
TN:
SF:src/components/Form/Input/index.tsx
FN:12,Input
FNF:1
FNH:1
FNDA:5,Input
DA:13,5
LF:1
LH:1
BRF:0
BRH:0
end_of_record
TN:
SF:src/components/Form/InputForm/index.tsx
FN:17,InputForm
FN:27,(anonymous_1)
FNF:2
FNH:2
FNDA:4,InputForm
FNDA:4,(anonymous_1)
DA:23,4
DA:28,4
LF:2
LH:2
BRDA:32,0,0,4
BRDA:32,0,1,0
BRF:2
BRH:1
end_of_record
TN:
SF:src/components/Form/TransactionTypeButton/index.tsx
FN:22,TransactionTypeButton
FNF:1
FNH:1
FNDA:4,TransactionTypeButton
DA:11,1
DA:23,4
LF:2
LH:2
BRF:0
BRH:0
end_of_record
TN:
SF:src/components/HighlightCard/index.tsx
FN:26,HighlightCard
FNF:1
FNH:0
FNDA:0,HighlightCard
DA:20,0
DA:32,0
LF:2
LH:0
BRF:0
BRH:0
end_of_record
TN:
SF:src/components/HistoryCard/index.tsx
FN:15,HistoryCard
FNF:1
FNH:0
FNDA:0,HistoryCard
DA:21,0
LF:1
LH:0
BRF:0
BRH:0
end_of_record
TN:
SF:src/components/SignInSocialButton/index.tsx
FN:12,(anonymous_0)
FNF:1
FNH:0
FNDA:0,(anonymous_0)
DA:12,0
DA:17,0
LF:2
LH:0
BRF:0
BRH:0
end_of_record
TN:
SF:src/components/TrasactionCard/index.tsx
FN:27,TransactionCard
FN:30,(anonymous_1)
FNF:2
FNH:0
FNDA:0,TransactionCard
FNDA:0,(anonymous_1)
DA:29,0
DA:30,0
DA:33,0
LF:3
LH:0
BRDA:38,0,0,0
BRDA:38,0,1,0
BRF:2
BRH:0
end_of_record
TN:
SF:src/hooks/auth.tsx
FN:35,AuthProvider
FN:40,signInWithGoogle
FN:72,signInWithApple
FN:74,signOut
FN:79,(anonymous_4)
FN:80,loadUserStorageData
FN:110,useAuth
FNF:7
FNH:5
FNDA:9,AuthProvider
FNDA:3,signInWithGoogle
FNDA:0,signInWithApple
FNDA:0,signOut
FNDA:3,(anonymous_4)
FNDA:3,loadUserStorageData
FNDA:11,useAuth
DA:33,2
DA:36,9
DA:37,9
DA:38,9
DA:41,3
DA:42,3
DA:43,3
DA:45,3
DA:47,3
DA:51,2
DA:52,1
DA:56,1
DA:58,1
DA:65,1
DA:68,1
DA:75,0
DA:76,0
DA:79,9
DA:81,3
DA:83,3
DA:84,2
DA:86,2
DA:89,3
DA:92,3
DA:95,9
DA:111,11
DA:113,11
LF:27
LH:25
BRDA:51,0,0,1
BRDA:51,0,1,1
BRDA:83,1,0,2
BRDA:83,1,1,1
BRF:4
BRH:4
end_of_record
TN:
SF:src/routes/app.routes.tsx
FN:12,(anonymous_0)
FN:31,(anonymous_1)
FN:44,(anonymous_2)
FN:53,(anonymous_3)
FNF:4
FNH:0
FNDA:0,(anonymous_0)
FNDA:0,(anonymous_1)
FNDA:0,(anonymous_2)
FNDA:0,(anonymous_3)
DA:10,0
DA:12,0
DA:13,0
DA:15,0
DA:32,0
DA:45,0
DA:54,0
LF:7
LH:0
BRDA:22,0,0,0
BRDA:22,0,1,0
BRF:2
BRH:0
end_of_record
TN:
SF:src/routes/auth.routes.tsx
FN:8,(anonymous_0)
FNF:1
FNH:0
FNDA:0,(anonymous_0)
DA:6,0
DA:8,0
DA:9,0
LF:3
LH:0
BRF:0
BRH:0
end_of_record
TN:
SF:src/routes/index.tsx
FN:7,(anonymous_0)
FNF:1
FNH:0
FNDA:0,(anonymous_0)
DA:7,0
DA:8,0
DA:10,0
LF:3
LH:0
BRDA:12,0,0,0
BRDA:12,0,1,0
BRF:2
BRH:0
end_of_record
TN:
SF:src/screens/CategorySelect/index.tsx
FN:28,CategorySelect
FN:42,(anonymous_1)
FN:43,(anonymous_2)
FN:45,(anonymous_3)
FN:52,(anonymous_4)
FNF:5
FNH:4
FNDA:2,CategorySelect
FNDA:12,(anonymous_1)
FNDA:12,(anonymous_2)
FNDA:0,(anonymous_3)
FNDA:10,(anonymous_4)
DA:33,2
DA:42,12
DA:44,12
DA:45,0
DA:52,10
LF:5
LH:4
BRF:0
BRH:0
end_of_record
TN:
SF:src/screens/Dashboard/index.tsx
FN:48,Dashboard
FN:57,getLastTransactionDate
FN:62,(anonymous_2)
FN:72,(anonymous_3)
FN:86,loadTransactions
FN:97,(anonymous_5)
FN:173,(anonymous_6)
FN:178,(anonymous_7)
FN:237,(anonymous_8)
FN:238,(anonymous_9)
FNF:10
FNH:0
FNDA:0,Dashboard
FNDA:0,getLastTransactionDate
FNDA:0,(anonymous_2)
FNDA:0,(anonymous_3)
FNDA:0,loadTransactions
FNDA:0,(anonymous_5)
FNDA:0,(anonymous_6)
FNDA:0,(anonymous_7)
FNDA:0,(anonymous_8)
FNDA:0,(anonymous_9)
DA:49,0
DA:50,0
DA:51,0
DA:54,0
DA:55,0
DA:61,0
DA:62,0
DA:65,0
DA:66,0
DA:69,0
DA:73,0
DA:78,0
DA:87,0
DA:89,0
DA:91,0
DA:93,0
DA:94,0
DA:96,0
DA:98,0
DA:99,0
DA:101,0
DA:104,0
DA:109,0
DA:115,0
DA:126,0
DA:128,0
DA:132,0
DA:136,0
DA:138,0
DA:140,0
DA:170,0
DA:173,0
DA:174,0
DA:177,0
DA:179,0
DA:183,0
DA:237,0
DA:238,0
LF:38
LH:0
BRDA:65,0,0,0
BRDA:65,0,1,0
BRDA:91,1,0,0
BRDA:91,1,1,0
BRDA:98,2,0,0
BRDA:98,2,1,0
BRDA:147,3,0,0
BRDA:147,3,1,0
BRDA:157,4,0,0
BRDA:157,4,1,0
BRDA:185,5,0,0
BRDA:185,5,1,0
BRF:12
BRH:0
end_of_record
TN:
SF:src/screens/Register/index.tsx
FN:39,Register
FN:60,handleTrasactionsTypeSelect
FN:64,handleOpenSelectCategoryModal
FN:68,handleCloseSelectCategoryModal
FN:72,handleRegister
FN:142,(anonymous_5)
FN:148,(anonymous_6)
FNF:7
FNH:2
FNDA:2,Register
FNDA:0,handleTrasactionsTypeSelect
FNDA:1,handleOpenSelectCategoryModal
FNDA:0,handleCloseSelectCategoryModal
FNDA:0,handleRegister
FNDA:0,(anonymous_5)
FNDA:0,(anonymous_6)
DA:31,1
DA:40,2
DA:45,2
DA:46,2
DA:48,2
DA:49,2
DA:56,2
DA:61,0
DA:65,1
DA:69,0
DA:73,0
DA:75,0
DA:76,0
DA:78,0
DA:87,0
DA:88,0
DA:90,0
DA:92,0
DA:94,0
DA:96,0
DA:98,0
DA:99,0
DA:100,0
DA:105,0
DA:107,0
DA:108,0
DA:112,2
DA:142,0
DA:148,0
LF:29
LH:9
BRDA:73,0,0,0
BRDA:73,0,1,0
BRDA:75,1,0,0
BRDA:75,1,1,0
BRDA:92,2,0,0
BRDA:92,2,1,0
BRDA:127,3,0,2
BRDA:127,3,1,0
BRDA:135,4,0,2
BRDA:135,4,1,0
BRF:10
BRH:2
end_of_record
TN:
SF:src/screens/Resume/ index.tsx
FN:31,Resume
FN:38,loadData
FN:46,(anonymous_2)
FN:50,(anonymous_3)
FN:58,(anonymous_4)
FN:61,(anonymous_5)
FN:89,(anonymous_6)
FN:94,(anonymous_7)
FN:117,(anonymous_8)
FN:122,(anonymous_9)
FNF:10
FNH:0
FNDA:0,Resume
FNDA:0,loadData
FNDA:0,(anonymous_2)
FNDA:0,(anonymous_3)
FNDA:0,(anonymous_4)
FNDA:0,(anonymous_5)
FNDA:0,(anonymous_6)
FNDA:0,(anonymous_7)
FNDA:0,(anonymous_8)
FNDA:0,(anonymous_9)
DA:32,0
DA:35,0
DA:36,0
DA:39,0
DA:41,0
DA:43,0
DA:45,0
DA:46,0
DA:49,0
DA:51,0
DA:56,0
DA:58,0
DA:59,0
DA:61,0
DA:62,0
DA:63,0
DA:67,0
DA:68,0
DA:73,0
DA:75,0
DA:86,0
DA:89,0
DA:90,0
DA:93,0
DA:95,0
DA:99,0
DA:117,0
DA:123,0
LF:28
LH:0
BRDA:43,0,0,0
BRDA:43,0,1,0
BRDA:62,1,0,0
BRDA:62,1,1,0
BRDA:67,2,0,0
BRDA:67,2,1,0
BRF:6
BRH:0
end_of_record
TN:
SF:src/screens/SignIn/index.tsx
FN:22,(anonymous_0)
FN:27,handleSignWithGoogle
FN:38,handleSignWithApple
FNF:3
FNH:0
FNDA:0,(anonymous_0)
FNDA:0,handleSignWithGoogle
FNDA:0,handleSignWithApple
DA:22,0
DA:23,0
DA:24,0
DA:25,0
DA:28,0
DA:29,0
DA:30,0
DA:32,0
DA:33,0
DA:34,0
DA:39,0
DA:40,0
DA:41,0
DA:43,0
DA:44,0
DA:45,0
DA:49,0
LF:17
LH:0
BRDA:71,0,0,0
BRDA:71,0,1,0
BRDA:80,1,0,0
BRDA:80,1,1,0
BRF:4
BRH:0
end_of_record
